<?xml version="1.0" encoding="UTF-8"?>
<testsuites name="jest tests" tests="14" failures="0" errors="0" time="7.898">
  <testsuite name="Navbar component" errors="0" failures="0" skipped="0" timestamp="2025-05-01T23:47:20" time="3.316" tests="2">
    <testcase classname="Navbar component renderiza el nombre de la app" name="Navbar component renderiza el nombre de la app" time="0.048">
    </testcase>
    <testcase classname="Navbar component renderiza los links de navegación" name="Navbar component renderiza los links de navegación" time="0.009">
    </testcase>
  </testsuite>
  <testsuite name="Footer component" errors="0" failures="0" skipped="0" timestamp="2025-05-01T23:47:20" time="3.321" tests="1">
    <testcase classname="Footer component renderiza el texto de derechos de autor" name="Footer component renderiza el texto de derechos de autor" time="0.035">
    </testcase>
  </testsuite>
  <testsuite name="Home" errors="0" failures="0" skipped="0" timestamp="2025-05-01T23:47:20" time="3.327" tests="1">
    <testcase classname="Home debería renderizar el título y el párrafo correctamente" name="Home debería renderizar el título y el párrafo correctamente" time="0.067">
    </testcase>
  </testsuite>
  <testsuite name="SucursalForm" errors="0" failures="0" skipped="0" timestamp="2025-05-01T23:47:20" time="3.626" tests="4">
    <testcase classname="SucursalForm debería renderizar el formulario de creación" name="SucursalForm debería renderizar el formulario de creación" time="0.154">
    </testcase>
    <testcase classname="SucursalForm debería permitir completar y enviar el formulario para crear" name="SucursalForm debería permitir completar y enviar el formulario para crear" time="0.06">
    </testcase>
    <testcase classname="SucursalForm debería mostrar error si falla la creación" name="SucursalForm debería mostrar error si falla la creación" time="0.048">
    </testcase>
    <testcase classname="SucursalForm debería renderizar el formulario de edición" name="SucursalForm debería renderizar el formulario de edición" time="0.017">
    </testcase>
  </testsuite>
  <testsuite name="Sucursales" errors="0" failures="0" skipped="0" timestamp="2025-05-01T23:47:20" time="3.627" tests="4">
    <testcase classname="Sucursales debería renderizar la tabla de sucursales" name="Sucursales debería renderizar la tabla de sucursales" time="0.06">
    </testcase>
    <testcase classname="Sucursales debería abrir el formulario de creación" name="Sucursales debería abrir el formulario de creación" time="0.127">
    </testcase>
    <testcase classname="Sucursales debería eliminar una sucursal" name="Sucursales debería eliminar una sucursal" time="0.05">
    </testcase>
    <testcase classname="Sucursales debería editar una sucursal" name="Sucursales debería editar una sucursal" time="0.035">
    </testcase>
  </testsuite>
  <testsuite name="App component" errors="0" failures="0" skipped="0" timestamp="2025-05-01T23:47:20" time="4.859" tests="2">
    <testcase classname="App component renderiza el Navbar y el Footer" name="App component renderiza el Navbar y el Footer" time="0.073">
    </testcase>
    <testcase classname="App component renderiza la página Home por defecto" name="App component renderiza la página Home por defecto" time="0.008">
    </testcase>
  </testsuite>
</testsuites>